<?xml version="1.0" encoding="UTF-8"?>
<testng-results skipped="0" failed="0" total="19" passed="19">
  <reporter-output>
  </reporter-output>
  <suite name="Default suite" duration-ms="856" started-at="2019-08-03T10:42:24Z" finished-at="2019-08-03T10:42:25Z">
    <groups>
    </groups>
    <test name="Default test" duration-ms="856" started-at="2019-08-03T10:42:24Z" finished-at="2019-08-03T10:42:25Z">
      <class name="com.maven.org.test.TestSqlLookup">
        <test-method status="PASS" signature="init()[pri:0, instance:com.maven.org.test.TestSqlLookup@6a2bcfcb]" name="init" is-config="true" duration-ms="5451" started-at="2019-08-03T16:12:18Z" finished-at="2019-08-03T16:12:24Z">
          <reporter-output>
          </reporter-output>
        </test-method> <!-- init -->
        <test-method status="PASS" signature="testAndOperator()[pri:0, instance:com.maven.org.test.TestSqlLookup@6a2bcfcb]" name="testAndOperator" duration-ms="495" started-at="2019-08-03T16:12:24Z" finished-at="2019-08-03T16:12:24Z">
          <reporter-output>
          </reporter-output>
        </test-method> <!-- testAndOperator -->
        <test-method status="PASS" signature="testConstinsCaseSensitiveOperator()[pri:0, instance:com.maven.org.test.TestSqlLookup@6a2bcfcb]" name="testConstinsCaseSensitiveOperator" duration-ms="16" started-at="2019-08-03T16:12:24Z" finished-at="2019-08-03T16:12:24Z">
          <reporter-output>
          </reporter-output>
        </test-method> <!-- testConstinsCaseSensitiveOperator -->
        <test-method status="PASS" signature="testConstinsOperator()[pri:0, instance:com.maven.org.test.TestSqlLookup@6a2bcfcb]" name="testConstinsOperator" duration-ms="15" started-at="2019-08-03T16:12:24Z" finished-at="2019-08-03T16:12:24Z">
          <reporter-output>
          </reporter-output>
        </test-method> <!-- testConstinsOperator -->
        <test-method status="PASS" signature="testEndsWithCaseSensitiveOperator()[pri:0, instance:com.maven.org.test.TestSqlLookup@6a2bcfcb]" name="testEndsWithCaseSensitiveOperator" duration-ms="11" started-at="2019-08-03T16:12:24Z" finished-at="2019-08-03T16:12:24Z">
          <reporter-output>
          </reporter-output>
        </test-method> <!-- testEndsWithCaseSensitiveOperator -->
        <test-method status="PASS" signature="testEndsWithOperator()[pri:0, instance:com.maven.org.test.TestSqlLookup@6a2bcfcb]" name="testEndsWithOperator" duration-ms="22" started-at="2019-08-03T16:12:24Z" finished-at="2019-08-03T16:12:24Z">
          <reporter-output>
          </reporter-output>
        </test-method> <!-- testEndsWithOperator -->
        <test-method status="PASS" signature="testEqCaseSensitiveOperator()[pri:0, instance:com.maven.org.test.TestSqlLookup@6a2bcfcb]" name="testEqCaseSensitiveOperator" duration-ms="23" started-at="2019-08-03T16:12:24Z" finished-at="2019-08-03T16:12:24Z">
          <reporter-output>
          </reporter-output>
        </test-method> <!-- testEqCaseSensitiveOperator -->
        <test-method status="PASS" signature="testEqOperator()[pri:0, instance:com.maven.org.test.TestSqlLookup@6a2bcfcb]" name="testEqOperator" duration-ms="12" started-at="2019-08-03T16:12:24Z" finished-at="2019-08-03T16:12:24Z">
          <reporter-output>
          </reporter-output>
        </test-method> <!-- testEqOperator -->
        <test-method status="PASS" signature="testGtEqOperator()[pri:0, instance:com.maven.org.test.TestSqlLookup@6a2bcfcb]" name="testGtEqOperator" duration-ms="15" started-at="2019-08-03T16:12:24Z" finished-at="2019-08-03T16:12:24Z">
          <reporter-output>
          </reporter-output>
        </test-method> <!-- testGtEqOperator -->
        <test-method status="PASS" signature="testGtOperator()[pri:0, instance:com.maven.org.test.TestSqlLookup@6a2bcfcb]" name="testGtOperator" duration-ms="10" started-at="2019-08-03T16:12:24Z" finished-at="2019-08-03T16:12:24Z">
          <reporter-output>
          </reporter-output>
        </test-method> <!-- testGtOperator -->
        <test-method status="PASS" signature="testInCaseSensitiveOperator()[pri:0, instance:com.maven.org.test.TestSqlLookup@6a2bcfcb]" name="testInCaseSensitiveOperator" duration-ms="16" started-at="2019-08-03T16:12:24Z" finished-at="2019-08-03T16:12:25Z">
          <reporter-output>
          </reporter-output>
        </test-method> <!-- testInCaseSensitiveOperator -->
        <test-method status="PASS" signature="testInOperator()[pri:0, instance:com.maven.org.test.TestSqlLookup@6a2bcfcb]" name="testInOperator" duration-ms="9" started-at="2019-08-03T16:12:25Z" finished-at="2019-08-03T16:12:25Z">
          <reporter-output>
          </reporter-output>
        </test-method> <!-- testInOperator -->
        <test-method status="PASS" signature="testLtEqOperator()[pri:0, instance:com.maven.org.test.TestSqlLookup@6a2bcfcb]" name="testLtEqOperator" duration-ms="13" started-at="2019-08-03T16:12:25Z" finished-at="2019-08-03T16:12:25Z">
          <reporter-output>
          </reporter-output>
        </test-method> <!-- testLtEqOperator -->
        <test-method status="PASS" signature="testLtOperator()[pri:0, instance:com.maven.org.test.TestSqlLookup@6a2bcfcb]" name="testLtOperator" duration-ms="12" started-at="2019-08-03T16:12:25Z" finished-at="2019-08-03T16:12:25Z">
          <reporter-output>
          </reporter-output>
        </test-method> <!-- testLtOperator -->
        <test-method status="PASS" signature="testNotEqCaseSensitiveOperator()[pri:0, instance:com.maven.org.test.TestSqlLookup@6a2bcfcb]" name="testNotEqCaseSensitiveOperator" duration-ms="15" started-at="2019-08-03T16:12:25Z" finished-at="2019-08-03T16:12:25Z">
          <reporter-output>
          </reporter-output>
        </test-method> <!-- testNotEqCaseSensitiveOperator -->
        <test-method status="PASS" signature="testNotEqOperator()[pri:0, instance:com.maven.org.test.TestSqlLookup@6a2bcfcb]" name="testNotEqOperator" duration-ms="30" started-at="2019-08-03T16:12:25Z" finished-at="2019-08-03T16:12:25Z">
          <reporter-output>
          </reporter-output>
        </test-method> <!-- testNotEqOperator -->
        <test-method status="PASS" signature="testNotInCaseSensitiveOperator()[pri:0, instance:com.maven.org.test.TestSqlLookup@6a2bcfcb]" name="testNotInCaseSensitiveOperator" duration-ms="27" started-at="2019-08-03T16:12:25Z" finished-at="2019-08-03T16:12:25Z">
          <reporter-output>
          </reporter-output>
        </test-method> <!-- testNotInCaseSensitiveOperator -->
        <test-method status="PASS" signature="testNotInOperator()[pri:0, instance:com.maven.org.test.TestSqlLookup@6a2bcfcb]" name="testNotInOperator" duration-ms="15" started-at="2019-08-03T16:12:25Z" finished-at="2019-08-03T16:12:25Z">
          <reporter-output>
          </reporter-output>
        </test-method> <!-- testNotInOperator -->
        <test-method status="PASS" signature="testStartsWithCaseSensitiveOperator()[pri:0, instance:com.maven.org.test.TestSqlLookup@6a2bcfcb]" name="testStartsWithCaseSensitiveOperator" duration-ms="12" started-at="2019-08-03T16:12:25Z" finished-at="2019-08-03T16:12:25Z">
          <reporter-output>
          </reporter-output>
        </test-method> <!-- testStartsWithCaseSensitiveOperator -->
        <test-method status="PASS" signature="testStartsWithOperator()[pri:0, instance:com.maven.org.test.TestSqlLookup@6a2bcfcb]" name="testStartsWithOperator" duration-ms="17" started-at="2019-08-03T16:12:25Z" finished-at="2019-08-03T16:12:25Z">
          <reporter-output>
          </reporter-output>
        </test-method> <!-- testStartsWithOperator -->
        <test-method status="PASS" signature="release()[pri:0, instance:com.maven.org.test.TestSqlLookup@6a2bcfcb]" name="release" is-config="true" duration-ms="13" started-at="2019-08-03T16:12:25Z" finished-at="2019-08-03T16:12:25Z">
          <reporter-output>
          </reporter-output>
        </test-method> <!-- release -->
      </class> <!-- com.maven.org.test.TestSqlLookup -->
    </test> <!-- Default test -->
  </suite> <!-- Default suite -->
</testng-results>
